{"/Users/abigailminett/Makers/tech-tests/bank-test/account.js": {"path":"/Users/abigailminett/Makers/tech-tests/bank-test/account.js","statementMap":{"0":{"start":{"line":3,"column":8},"end":{"line":3,"column":24}},"1":{"start":{"line":4,"column":8},"end":{"line":4,"column":24}},"2":{"start":{"line":8,"column":37},"end":{"line":8,"column":60}},"3":{"start":{"line":10,"column":8},"end":{"line":15,"column":9}},"4":{"start":{"line":11,"column":12},"end":{"line":11,"column":34}},"5":{"start":{"line":13,"column":13},"end":{"line":15,"column":9}},"6":{"start":{"line":14,"column":12},"end":{"line":14,"column":34}},"7":{"start":{"line":17,"column":8},"end":{"line":23,"column":25}},"8":{"start":{"line":27,"column":8},"end":{"line":27,"column":26}},"9":{"start":{"line":31,"column":0},"end":{"line":31,"column":24}}},"fnMap":{"0":{"name":"(anonymous_0)","decl":{"start":{"line":2,"column":4},"end":{"line":2,"column":5}},"loc":{"start":{"line":2,"column":18},"end":{"line":5,"column":5}},"line":2},"1":{"name":"(anonymous_1)","decl":{"start":{"line":7,"column":4},"end":{"line":7,"column":5}},"loc":{"start":{"line":7,"column":24},"end":{"line":24,"column":9}},"line":7},"2":{"name":"(anonymous_2)","decl":{"start":{"line":26,"column":4},"end":{"line":26,"column":5}},"loc":{"start":{"line":26,"column":16},"end":{"line":28,"column":5}},"line":26}},"branchMap":{"0":{"loc":{"start":{"line":10,"column":8},"end":{"line":15,"column":9}},"type":"if","locations":[{"start":{"line":10,"column":8},"end":{"line":15,"column":9}},{"start":{"line":13,"column":13},"end":{"line":15,"column":9}}],"line":10},"1":{"loc":{"start":{"line":13,"column":13},"end":{"line":15,"column":9}},"type":"if","locations":[{"start":{"line":13,"column":13},"end":{"line":15,"column":9}},{"start":{},"end":{}}],"line":13}},"s":{"0":4,"1":4,"2":8,"3":8,"4":5,"5":3,"6":3,"7":8,"8":4,"9":3},"f":{"0":4,"1":8,"2":4},"b":{"0":[5,3],"1":[3,0]},"_coverageSchema":"1a1c01bbd47fc00a2c39e90264f33305004495a9","hash":"3c220dedc0b77e73eda51c9eba17dfa1a04114a1"}
,"/Users/abigailminett/Makers/tech-tests/bank-test/date.js": {"path":"/Users/abigailminett/Makers/tech-tests/bank-test/date.js","statementMap":{"0":{"start":{"line":3,"column":8},"end":{"line":3,"column":24}},"1":{"start":{"line":7,"column":8},"end":{"line":17,"column":65}},"2":{"start":{"line":9,"column":30},"end":{"line":9,"column":50}},"3":{"start":{"line":11,"column":12},"end":{"line":16,"column":71}},"4":{"start":{"line":15,"column":20},"end":{"line":15,"column":36}},"5":{"start":{"line":16,"column":19},"end":{"line":16,"column":71}},"6":{"start":{"line":17,"column":15},"end":{"line":17,"column":65}},"7":{"start":{"line":21,"column":0},"end":{"line":21,"column":21}}},"fnMap":{"0":{"name":"(anonymous_0)","decl":{"start":{"line":2,"column":4},"end":{"line":2,"column":5}},"loc":{"start":{"line":2,"column":22},"end":{"line":4,"column":5}},"line":2},"1":{"name":"(anonymous_1)","decl":{"start":{"line":6,"column":4},"end":{"line":6,"column":5}},"loc":{"start":{"line":6,"column":17},"end":{"line":18,"column":5}},"line":6}},"branchMap":{"0":{"loc":{"start":{"line":7,"column":8},"end":{"line":17,"column":65}},"type":"if","locations":[{"start":{"line":7,"column":8},"end":{"line":17,"column":65}},{"start":{"line":17,"column":15},"end":{"line":17,"column":65}}],"line":7},"1":{"loc":{"start":{"line":11,"column":12},"end":{"line":16,"column":71}},"type":"if","locations":[{"start":{"line":11,"column":12},"end":{"line":16,"column":71}},{"start":{"line":16,"column":19},"end":{"line":16,"column":71}}],"line":11},"2":{"loc":{"start":{"line":11,"column":16},"end":{"line":14,"column":44}},"type":"binary-expr","locations":[{"start":{"line":11,"column":16},"end":{"line":11,"column":38}},{"start":{"line":12,"column":19},"end":{"line":12,"column":44}},{"start":{"line":13,"column":19},"end":{"line":13,"column":44}},{"start":{"line":14,"column":19},"end":{"line":14,"column":44}}],"line":11}},"s":{"0":7,"1":7,"2":6,"3":6,"4":5,"5":1,"6":1,"7":3},"f":{"0":7,"1":7},"b":{"0":[6,1],"1":[5,1],"2":[6,5,5,5]},"_coverageSchema":"1a1c01bbd47fc00a2c39e90264f33305004495a9","hash":"188800b788901394ccfbbf603fa2cb8cba1d6981"}
,"/Users/abigailminett/Makers/tech-tests/bank-test/deposit.js": {"path":"/Users/abigailminett/Makers/tech-tests/bank-test/deposit.js","statementMap":{"0":{"start":{"line":3,"column":8},"end":{"line":3,"column":24}},"1":{"start":{"line":4,"column":8},"end":{"line":4,"column":28}},"2":{"start":{"line":5,"column":8},"end":{"line":5,"column":24}},"3":{"start":{"line":9,"column":8},"end":{"line":9,"column":84}},"4":{"start":{"line":9,"column":26},"end":{"line":9,"column":84}},"5":{"start":{"line":10,"column":8},"end":{"line":10,"column":82}},"6":{"start":{"line":10,"column":24},"end":{"line":10,"column":82}},"7":{"start":{"line":12,"column":8},"end":{"line":14,"column":67}},"8":{"start":{"line":13,"column":12},"end":{"line":13,"column":89}},"9":{"start":{"line":14,"column":15},"end":{"line":14,"column":67}},"10":{"start":{"line":18,"column":0},"end":{"line":18,"column":24}}},"fnMap":{"0":{"name":"(anonymous_0)","decl":{"start":{"line":2,"column":4},"end":{"line":2,"column":5}},"loc":{"start":{"line":2,"column":36},"end":{"line":6,"column":5}},"line":2},"1":{"name":"(anonymous_1)","decl":{"start":{"line":8,"column":4},"end":{"line":8,"column":5}},"loc":{"start":{"line":8,"column":20},"end":{"line":15,"column":5}},"line":8}},"branchMap":{"0":{"loc":{"start":{"line":9,"column":8},"end":{"line":9,"column":84}},"type":"if","locations":[{"start":{"line":9,"column":8},"end":{"line":9,"column":84}},{"start":{},"end":{}}],"line":9},"1":{"loc":{"start":{"line":10,"column":8},"end":{"line":10,"column":82}},"type":"if","locations":[{"start":{"line":10,"column":8},"end":{"line":10,"column":82}},{"start":{},"end":{}}],"line":10},"2":{"loc":{"start":{"line":12,"column":8},"end":{"line":14,"column":67}},"type":"if","locations":[{"start":{"line":12,"column":8},"end":{"line":14,"column":67}},{"start":{"line":14,"column":15},"end":{"line":14,"column":67}}],"line":12},"3":{"loc":{"start":{"line":12,"column":12},"end":{"line":12,"column":59}},"type":"binary-expr","locations":[{"start":{"line":12,"column":12},"end":{"line":12,"column":34}},{"start":{"line":12,"column":38},"end":{"line":12,"column":59}}],"line":12}},"s":{"0":8,"1":8,"2":8,"3":8,"4":1,"5":7,"6":1,"7":6,"8":5,"9":1,"10":3},"f":{"0":8,"1":8},"b":{"0":[1,7],"1":[1,6],"2":[5,1],"3":[6,2]},"_coverageSchema":"1a1c01bbd47fc00a2c39e90264f33305004495a9","hash":"fb7c405dd86d794354111ef24ffeb935cc060f32"}
,"/Users/abigailminett/Makers/tech-tests/bank-test/statement.js": {"path":"/Users/abigailminett/Makers/tech-tests/bank-test/statement.js","statementMap":{"0":{"start":{"line":3,"column":8},"end":{"line":3,"column":30}},"1":{"start":{"line":7,"column":23},"end":{"line":7,"column":47}},"2":{"start":{"line":8,"column":24},"end":{"line":8,"column":60}},"3":{"start":{"line":10,"column":29},"end":{"line":12,"column":10}},"4":{"start":{"line":11,"column":12},"end":{"line":11,"column":210}},"5":{"start":{"line":13,"column":8},"end":{"line":13,"column":51}},"6":{"start":{"line":16,"column":0},"end":{"line":16,"column":26}}},"fnMap":{"0":{"name":"(anonymous_0)","decl":{"start":{"line":2,"column":4},"end":{"line":2,"column":5}},"loc":{"start":{"line":2,"column":25},"end":{"line":4,"column":5}},"line":2},"1":{"name":"(anonymous_1)","decl":{"start":{"line":6,"column":4},"end":{"line":6,"column":5}},"loc":{"start":{"line":6,"column":21},"end":{"line":14,"column":5}},"line":6},"2":{"name":"(anonymous_2)","decl":{"start":{"line":10,"column":40},"end":{"line":10,"column":41}},"loc":{"start":{"line":10,"column":53},"end":{"line":12,"column":9}},"line":10}},"branchMap":{"0":{"loc":{"start":{"line":11,"column":43},"end":{"line":11,"column":107}},"type":"cond-expr","locations":[{"start":{"line":11,"column":71},"end":{"line":11,"column":102}},{"start":{"line":11,"column":105},"end":{"line":11,"column":107}}],"line":11},"1":{"loc":{"start":{"line":11,"column":113},"end":{"line":11,"column":176}},"type":"cond-expr","locations":[{"start":{"line":11,"column":140},"end":{"line":11,"column":171}},{"start":{"line":11,"column":174},"end":{"line":11,"column":176}}],"line":11}},"s":{"0":3,"1":3,"2":3,"3":3,"4":6,"5":3,"6":2},"f":{"0":3,"1":3,"2":6},"b":{"0":[5,1],"1":[1,5]},"_coverageSchema":"1a1c01bbd47fc00a2c39e90264f33305004495a9","hash":"63a4c55b2badc87782f8b9c72241e32316b8bfe6"}
}
