TN:
SF:account.js
FN:2,(anonymous_0)
FN:7,(anonymous_1)
FN:26,(anonymous_2)
FNF:3
FNH:3
FNDA:4,(anonymous_0)
FNDA:8,(anonymous_1)
FNDA:4,(anonymous_2)
DA:3,4
DA:4,4
DA:8,8
DA:10,8
DA:11,5
DA:13,3
DA:14,3
DA:17,8
DA:27,4
DA:31,3
LF:10
LH:10
BRDA:10,0,0,5
BRDA:10,0,1,3
BRDA:13,1,0,3
BRDA:13,1,1,0
BRF:4
BRH:3
end_of_record
TN:
SF:date.js
FN:2,(anonymous_0)
FN:6,(anonymous_1)
FNF:2
FNH:2
FNDA:7,(anonymous_0)
FNDA:7,(anonymous_1)
DA:3,7
DA:7,7
DA:9,6
DA:11,6
DA:15,5
DA:16,1
DA:17,1
DA:21,3
LF:8
LH:8
BRDA:7,0,0,6
BRDA:7,0,1,1
BRDA:11,1,0,5
BRDA:11,1,1,1
BRDA:11,2,0,6
BRDA:11,2,1,5
BRDA:11,2,2,5
BRDA:11,2,3,5
BRF:8
BRH:8
end_of_record
TN:
SF:deposit.js
FN:2,(anonymous_0)
FN:8,(anonymous_1)
FNF:2
FNH:2
FNDA:8,(anonymous_0)
FNDA:8,(anonymous_1)
DA:3,8
DA:4,8
DA:5,8
DA:9,8
DA:10,7
DA:12,6
DA:13,5
DA:14,1
DA:18,3
LF:9
LH:9
BRDA:9,0,0,1
BRDA:9,0,1,7
BRDA:10,1,0,1
BRDA:10,1,1,6
BRDA:12,2,0,5
BRDA:12,2,1,1
BRDA:12,3,0,6
BRDA:12,3,1,2
BRF:8
BRH:8
end_of_record
TN:
SF:statement.js
FN:2,(anonymous_0)
FN:6,(anonymous_1)
FN:10,(anonymous_2)
FNF:3
FNH:3
FNDA:3,(anonymous_0)
FNDA:3,(anonymous_1)
FNDA:6,(anonymous_2)
DA:3,3
DA:7,3
DA:8,3
DA:10,3
DA:11,6
DA:13,3
DA:16,2
LF:7
LH:7
BRDA:11,0,0,5
BRDA:11,0,1,1
BRDA:11,1,0,1
BRDA:11,1,1,5
BRF:4
BRH:4
end_of_record
